
*** Running vivado
    with args -log pong.vds -m64 -product Vivado -mode batch -messageDb vivado.pb -notrace -source pong.tcl



****** Vivado v2021.1 (64-bit)
  **** SW Build 3247384 on Thu Jun 10 19:36:33 MDT 2021
  **** IP Build 3246043 on Fri Jun 11 00:30:35 MDT 2021
    ** Copyright 1986-2021 Xilinx, Inc. All Rights Reserved.

source pong.tcl -notrace
Command: synth_design -top pong -part xc7a100tcsg324-1
Starting synth_design
Attempting to get a license for feature 'Synthesis' and/or device 'xc7a100t'
INFO: [Common 17-349] Got license for feature 'Synthesis' and/or device 'xc7a100t'
INFO: [Device 21-403] Loading part xc7a100tcsg324-1
INFO: [Synth 8-7079] Multithreading enabled for synth_design using a maximum of 2 processes.
INFO: [Synth 8-7078] Launching helper process for spawning children vivado processes
INFO: [Synth 8-7075] Helper process launched with PID 588
---------------------------------------------------------------------------------
Starting RTL Elaboration : Time (s): cpu = 00:00:07 ; elapsed = 00:00:07 . Memory (MB): peak = 1122.145 ; gain = 0.000
---------------------------------------------------------------------------------
WARNING: [Synth 8-1565] actual for formal port red_in is neither a static name nor a globally static expression [C:/Users/Min Song/pong/pong.srcs/sources_1/new/pong.vhd:112]
WARNING: [Synth 8-1565] actual for formal port green_in is neither a static name nor a globally static expression [C:/Users/Min Song/pong/pong.srcs/sources_1/new/pong.vhd:113]
WARNING: [Synth 8-1565] actual for formal port blue_in is neither a static name nor a globally static expression [C:/Users/Min Song/pong/pong.srcs/sources_1/new/pong.vhd:114]
INFO: [Synth 8-638] synthesizing module 'pong' [C:/Users/Min Song/pong/pong.srcs/sources_1/new/pong.vhd:21]
INFO: [Synth 8-3491] module 'adc_if' declared at 'C:/Users/Min Song/pong/pong.srcs/sources_1/new/adc_if.vhd:5' bound to instance 'adc' of component 'adc_if' [C:/Users/Min Song/pong/pong.srcs/sources_1/new/pong.vhd:89]
INFO: [Synth 8-638] synthesizing module 'adc_if' [C:/Users/Min Song/pong/pong.srcs/sources_1/new/adc_if.vhd:15]
INFO: [Synth 8-256] done synthesizing module 'adc_if' (1#1) [C:/Users/Min Song/pong/pong.srcs/sources_1/new/adc_if.vhd:15]
INFO: [Synth 8-3491] module 'bat_n_ball' declared at 'C:/Users/Min Song/pong/pong.srcs/sources_1/new/bat_n_ball.vhd:6' bound to instance 'add_bb' of component 'bat_n_ball' [C:/Users/Min Song/pong/pong.srcs/sources_1/new/pong.vhd:98]
INFO: [Synth 8-638] synthesizing module 'bat_n_ball' [C:/Users/Min Song/pong/pong.srcs/sources_1/new/bat_n_ball.vhd:19]
WARNING: [Synth 8-614] signal 'game_on' is read in the process but is not in the sensitivity list [C:/Users/Min Song/pong/pong.srcs/sources_1/new/bat_n_ball.vhd:41]
INFO: [Synth 8-256] done synthesizing module 'bat_n_ball' (2#1) [C:/Users/Min Song/pong/pong.srcs/sources_1/new/bat_n_ball.vhd:19]
INFO: [Synth 8-3491] module 'vga_sync' declared at 'C:/Users/Min Song/pong/pong.srcs/sources_1/new/vga_sync.vhd:5' bound to instance 'vga_driver' of component 'vga_sync' [C:/Users/Min Song/pong/pong.srcs/sources_1/new/pong.vhd:109]
INFO: [Synth 8-638] synthesizing module 'vga_sync' [C:/Users/Min Song/pong/pong.srcs/sources_1/new/vga_sync.vhd:21]
INFO: [Synth 8-256] done synthesizing module 'vga_sync' (3#1) [C:/Users/Min Song/pong/pong.srcs/sources_1/new/vga_sync.vhd:21]
INFO: [Synth 8-3491] module 'clk_wiz_0' declared at 'C:/Users/Min Song/pong/pong.srcs/sources_1/new/clk_wiz_0.vhd:10' bound to instance 'clk_wiz_0_inst' of component 'clk_wiz_0' [C:/Users/Min Song/pong/pong.srcs/sources_1/new/pong.vhd:125]
INFO: [Synth 8-638] synthesizing module 'clk_wiz_0' [C:/Users/Min Song/pong/pong.srcs/sources_1/new/clk_wiz_0.vhd:19]
INFO: [Synth 8-3491] module 'clk_wiz_0_clk_wiz' declared at 'C:/Users/Min Song/pong/pong.srcs/sources_1/new/clk_wiz_0_clk_wiz.vhd:10' bound to instance 'U0' of component 'clk_wiz_0_clk_wiz' [C:/Users/Min Song/pong/pong.srcs/sources_1/new/clk_wiz_0.vhd:34]
INFO: [Synth 8-638] synthesizing module 'clk_wiz_0_clk_wiz' [C:/Users/Min Song/pong/pong.srcs/sources_1/new/clk_wiz_0_clk_wiz.vhd:19]
	Parameter BANDWIDTH bound to: OPTIMIZED - type: string 
	Parameter CLKFBOUT_MULT_F bound to: 10.125000 - type: double 
	Parameter CLKFBOUT_PHASE bound to: 0.000000 - type: double 
	Parameter CLKFBOUT_USE_FINE_PS bound to: 0 - type: bool 
	Parameter CLKIN1_PERIOD bound to: 10.000000 - type: double 
	Parameter CLKOUT0_DIVIDE_F bound to: 25.250000 - type: double 
	Parameter CLKOUT0_DUTY_CYCLE bound to: 0.500000 - type: double 
	Parameter CLKOUT0_PHASE bound to: 0.000000 - type: double 
	Parameter CLKOUT0_USE_FINE_PS bound to: 0 - type: bool 
	Parameter CLKOUT4_CASCADE bound to: 0 - type: bool 
	Parameter COMPENSATION bound to: ZHOLD - type: string 
	Parameter DIVCLK_DIVIDE bound to: 1 - type: integer 
	Parameter REF_JITTER1 bound to: 0.010000 - type: double 
	Parameter STARTUP_WAIT bound to: 0 - type: bool 
INFO: [Synth 8-113] binding component instance 'mmcm_adv_inst' to cell 'MMCME2_ADV' [C:/Users/Min Song/pong/pong.srcs/sources_1/new/clk_wiz_0_clk_wiz.vhd:61]
INFO: [Synth 8-113] binding component instance 'clkf_buf' to cell 'BUFG' [C:/Users/Min Song/pong/pong.srcs/sources_1/new/clk_wiz_0_clk_wiz.vhd:123]
INFO: [Synth 8-113] binding component instance 'clkout1_buf' to cell 'BUFG' [C:/Users/Min Song/pong/pong.srcs/sources_1/new/clk_wiz_0_clk_wiz.vhd:130]
INFO: [Synth 8-256] done synthesizing module 'clk_wiz_0_clk_wiz' (4#1) [C:/Users/Min Song/pong/pong.srcs/sources_1/new/clk_wiz_0_clk_wiz.vhd:19]
INFO: [Synth 8-256] done synthesizing module 'clk_wiz_0' (5#1) [C:/Users/Min Song/pong/pong.srcs/sources_1/new/clk_wiz_0.vhd:19]
INFO: [Synth 8-256] done synthesizing module 'pong' (6#1) [C:/Users/Min Song/pong/pong.srcs/sources_1/new/pong.vhd:21]
---------------------------------------------------------------------------------
Finished RTL Elaboration : Time (s): cpu = 00:00:08 ; elapsed = 00:00:09 . Memory (MB): peak = 1122.145 ; gain = 0.000
---------------------------------------------------------------------------------
---------------------------------------------------------------------------------
Start Handling Custom Attributes
---------------------------------------------------------------------------------
---------------------------------------------------------------------------------
Finished Handling Custom Attributes : Time (s): cpu = 00:00:09 ; elapsed = 00:00:10 . Memory (MB): peak = 1122.145 ; gain = 0.000
---------------------------------------------------------------------------------
---------------------------------------------------------------------------------
Finished RTL Optimization Phase 1 : Time (s): cpu = 00:00:09 ; elapsed = 00:00:10 . Memory (MB): peak = 1122.145 ; gain = 0.000
---------------------------------------------------------------------------------
Netlist sorting complete. Time (s): cpu = 00:00:00 ; elapsed = 00:00:00.008 . Memory (MB): peak = 1122.145 ; gain = 0.000
INFO: [Netlist 29-17] Analyzing 1 Unisim elements for replacement
INFO: [Netlist 29-28] Unisim Transformation completed in 0 CPU seconds
INFO: [Project 1-570] Preparing netlist for logic optimization

Processing XDC Constraints
Initializing timing engine
Parsing XDC File [C:/Users/Min Song/pong/pong.srcs/constrs_1/new/pong.xdc]
Finished Parsing XDC File [C:/Users/Min Song/pong/pong.srcs/constrs_1/new/pong.xdc]
INFO: [Project 1-236] Implementation specific constraints were found while reading constraint file [C:/Users/Min Song/pong/pong.srcs/constrs_1/new/pong.xdc]. These constraints will be ignored for synthesis but will be used in implementation. Impacted constraints are listed in the file [.Xil/pong_propImpl.xdc].
Resolution: To avoid this warning, move constraints listed in [.Xil/pong_propImpl.xdc] to another XDC file and exclude this new file from synthesis with the used_in_synthesis property (File Properties dialog in GUI) and re-run elaboration/synthesis.
INFO: [Timing 38-2] Deriving generated clocks
Completed Processing XDC Constraints

Netlist sorting complete. Time (s): cpu = 00:00:00 ; elapsed = 00:00:00 . Memory (MB): peak = 1122.145 ; gain = 0.000
INFO: [Project 1-111] Unisim Transformation Summary:
No Unisim elements were transformed.

Constraint Validation Runtime : Time (s): cpu = 00:00:00 ; elapsed = 00:00:00.008 . Memory (MB): peak = 1122.145 ; gain = 0.000
---------------------------------------------------------------------------------
Finished Constraint Validation : Time (s): cpu = 00:00:18 ; elapsed = 00:00:19 . Memory (MB): peak = 1122.145 ; gain = 0.000
---------------------------------------------------------------------------------
---------------------------------------------------------------------------------
Start Loading Part and Timing Information
---------------------------------------------------------------------------------
Loading part: xc7a100tcsg324-1
---------------------------------------------------------------------------------
Finished Loading Part and Timing Information : Time (s): cpu = 00:00:18 ; elapsed = 00:00:19 . Memory (MB): peak = 1122.145 ; gain = 0.000
---------------------------------------------------------------------------------
---------------------------------------------------------------------------------
Start Applying 'set_property' XDC Constraints
---------------------------------------------------------------------------------
---------------------------------------------------------------------------------
Finished applying 'set_property' XDC Constraints : Time (s): cpu = 00:00:18 ; elapsed = 00:00:19 . Memory (MB): peak = 1122.145 ; gain = 0.000
---------------------------------------------------------------------------------
---------------------------------------------------------------------------------
Finished RTL Optimization Phase 2 : Time (s): cpu = 00:00:19 ; elapsed = 00:00:20 . Memory (MB): peak = 1122.145 ; gain = 0.000
---------------------------------------------------------------------------------
---------------------------------------------------------------------------------
Start RTL Component Statistics 
---------------------------------------------------------------------------------
Detailed RTL Component Info : 
+---Adders : 
	   2 Input   12 Bit       Adders := 2     
	   2 Input   11 Bit       Adders := 10    
	   3 Input   11 Bit       Adders := 2     
	   2 Input   10 Bit       Adders := 2     
+---Registers : 
	               12 Bit    Registers := 4     
	               11 Bit    Registers := 8     
	               10 Bit    Registers := 1     
	                4 Bit    Registers := 3     
	                1 Bit    Registers := 3     
+---Muxes : 
	   2 Input   11 Bit        Muxes := 6     
	   5 Input   11 Bit        Muxes := 1     
	   3 Input   11 Bit        Muxes := 2     
	   2 Input    4 Bit        Muxes := 3     
	   2 Input    2 Bit        Muxes := 1     
---------------------------------------------------------------------------------
Finished RTL Component Statistics 
---------------------------------------------------------------------------------
---------------------------------------------------------------------------------
Start Part Resource Summary
---------------------------------------------------------------------------------
Part Resources:
DSPs: 240 (col length:80)
BRAMs: 270 (col length: RAMB18 80 RAMB36 40)
---------------------------------------------------------------------------------
Finished Part Resource Summary
---------------------------------------------------------------------------------
---------------------------------------------------------------------------------
Start Cross Boundary and Area Optimization
---------------------------------------------------------------------------------
DSP Report: Generating DSP add_bb/multOp, operation Mode is: A*B.
DSP Report: operator add_bb/multOp is absorbed into DSP add_bb/multOp.
DSP Report: Generating DSP add_bb/plusOp, operation Mode is: PCIN+A*B.
DSP Report: operator add_bb/plusOp is absorbed into DSP add_bb/plusOp.
DSP Report: operator add_bb/multOp is absorbed into DSP add_bb/plusOp.
---------------------------------------------------------------------------------
Finished Cross Boundary and Area Optimization : Time (s): cpu = 00:00:22 ; elapsed = 00:00:24 . Memory (MB): peak = 1122.145 ; gain = 0.000
---------------------------------------------------------------------------------
---------------------------------------------------------------------------------
Start ROM, RAM, DSP, Shift Register and Retiming Reporting
---------------------------------------------------------------------------------

DSP: Preliminary Mapping Report (see note below)
+------------+-------------+--------+--------+--------+--------+--------+------+------+------+------+-------+------+------+
|Module Name | DSP Mapping | A Size | B Size | C Size | D Size | P Size | AREG | BREG | CREG | DREG | ADREG | MREG | PREG | 
+------------+-------------+--------+--------+--------+--------+--------+------+------+------+------+-------+------+------+
|bat_n_ball  | A*B         | 11     | 11     | -      | -      | 22     | 0    | 0    | -    | -    | -     | 0    | 0    | 
|bat_n_ball  | PCIN+A*B    | 11     | 11     | -      | -      | 22     | 0    | 0    | -    | -    | -     | 0    | 0    | 
+------------+-------------+--------+--------+--------+--------+--------+------+------+------+------+-------+------+------+

Note: The table above is a preliminary report that shows the DSPs inferred at the current stage of the synthesis flow. Some DSP may be reimplemented as non DSP primitives later in the synthesis flow. Multiple instantiated DSPs are reported only once.
---------------------------------------------------------------------------------
Finished ROM, RAM, DSP, Shift Register and Retiming Reporting
---------------------------------------------------------------------------------
---------------------------------------------------------------------------------
Start Applying XDC Timing Constraints
---------------------------------------------------------------------------------
---------------------------------------------------------------------------------
Finished Applying XDC Timing Constraints : Time (s): cpu = 00:00:36 ; elapsed = 00:00:38 . Memory (MB): peak = 1123.164 ; gain = 1.020
---------------------------------------------------------------------------------
---------------------------------------------------------------------------------
Start Timing Optimization
---------------------------------------------------------------------------------
---------------------------------------------------------------------------------
Finished Timing Optimization : Time (s): cpu = 00:00:37 ; elapsed = 00:00:38 . Memory (MB): peak = 1143.074 ; gain = 20.930
---------------------------------------------------------------------------------
---------------------------------------------------------------------------------
Start Technology Mapping
---------------------------------------------------------------------------------
---------------------------------------------------------------------------------
Finished Technology Mapping : Time (s): cpu = 00:00:37 ; elapsed = 00:00:39 . Memory (MB): peak = 1153.367 ; gain = 31.223
---------------------------------------------------------------------------------
---------------------------------------------------------------------------------
Start IO Insertion
---------------------------------------------------------------------------------
---------------------------------------------------------------------------------
Start Flattening Before IO Insertion
---------------------------------------------------------------------------------
---------------------------------------------------------------------------------
Finished Flattening Before IO Insertion
---------------------------------------------------------------------------------
---------------------------------------------------------------------------------
Start Final Netlist Cleanup
---------------------------------------------------------------------------------
---------------------------------------------------------------------------------
Finished Final Netlist Cleanup
---------------------------------------------------------------------------------
---------------------------------------------------------------------------------
Finished IO Insertion : Time (s): cpu = 00:00:42 ; elapsed = 00:00:44 . Memory (MB): peak = 1153.367 ; gain = 31.223
---------------------------------------------------------------------------------
---------------------------------------------------------------------------------
Start Renaming Generated Instances
---------------------------------------------------------------------------------
---------------------------------------------------------------------------------
Finished Renaming Generated Instances : Time (s): cpu = 00:00:42 ; elapsed = 00:00:44 . Memory (MB): peak = 1153.367 ; gain = 31.223
---------------------------------------------------------------------------------
---------------------------------------------------------------------------------
Start Rebuilding User Hierarchy
---------------------------------------------------------------------------------
---------------------------------------------------------------------------------
Finished Rebuilding User Hierarchy : Time (s): cpu = 00:00:42 ; elapsed = 00:00:44 . Memory (MB): peak = 1153.367 ; gain = 31.223
---------------------------------------------------------------------------------
---------------------------------------------------------------------------------
Start Renaming Generated Ports
---------------------------------------------------------------------------------
---------------------------------------------------------------------------------
Finished Renaming Generated Ports : Time (s): cpu = 00:00:42 ; elapsed = 00:00:44 . Memory (MB): peak = 1153.367 ; gain = 31.223
---------------------------------------------------------------------------------
---------------------------------------------------------------------------------
Start Handling Custom Attributes
---------------------------------------------------------------------------------
---------------------------------------------------------------------------------
Finished Handling Custom Attributes : Time (s): cpu = 00:00:42 ; elapsed = 00:00:44 . Memory (MB): peak = 1153.367 ; gain = 31.223
---------------------------------------------------------------------------------
---------------------------------------------------------------------------------
Start Renaming Generated Nets
---------------------------------------------------------------------------------
---------------------------------------------------------------------------------
Finished Renaming Generated Nets : Time (s): cpu = 00:00:42 ; elapsed = 00:00:44 . Memory (MB): peak = 1153.367 ; gain = 31.223
---------------------------------------------------------------------------------
---------------------------------------------------------------------------------
Start ROM, RAM, DSP, Shift Register and Retiming Reporting
---------------------------------------------------------------------------------

Static Shift Register Report:
+------------+-------------------+--------+-------+--------------+--------------------+-------------------+--------+---------+
|Module Name | RTL Name          | Length | Width | Reset Signal | Pull out first Reg | Pull out last Reg | SRL16E | SRLC32E | 
+------------+-------------------+--------+-------+--------------+--------------------+-------------------+--------+---------+
|pong        | adc/pdata2_reg[3] | 4      | 1     | NO           | YES                | YES               | 1      | 0       | 
+------------+-------------------+--------+-------+--------------+--------------------+-------------------+--------+---------+

---------------------------------------------------------------------------------
Finished ROM, RAM, DSP, Shift Register and Retiming Reporting
---------------------------------------------------------------------------------
---------------------------------------------------------------------------------
Start Writing Synthesis Report
---------------------------------------------------------------------------------

Report BlackBoxes: 
+-+--------------+----------+
| |BlackBox name |Instances |
+-+--------------+----------+
+-+--------------+----------+

Report Cell Usage: 
+------+-----------+------+
|      |Cell       |Count |
+------+-----------+------+
|1     |BUFG       |     3|
|2     |CARRY4     |    29|
|3     |DSP48E1    |     2|
|4     |LUT1       |    11|
|5     |LUT2       |    81|
|6     |LUT3       |    41|
|7     |LUT4       |    53|
|8     |LUT5       |    26|
|9     |LUT6       |    49|
|10    |MMCME2_ADV |     1|
|11    |SRL16E     |     1|
|12    |FDRE       |    97|
|13    |FDSE       |     5|
|14    |IBUF       |     3|
|15    |OBUF       |    16|
+------+-----------+------+
---------------------------------------------------------------------------------
Finished Writing Synthesis Report : Time (s): cpu = 00:00:42 ; elapsed = 00:00:44 . Memory (MB): peak = 1153.367 ; gain = 31.223
---------------------------------------------------------------------------------
Synthesis finished with 0 errors, 0 critical warnings and 0 warnings.
Synthesis Optimization Runtime : Time (s): cpu = 00:00:30 ; elapsed = 00:00:40 . Memory (MB): peak = 1153.367 ; gain = 31.223
Synthesis Optimization Complete : Time (s): cpu = 00:00:42 ; elapsed = 00:00:44 . Memory (MB): peak = 1153.367 ; gain = 31.223
INFO: [Project 1-571] Translating synthesized netlist
Netlist sorting complete. Time (s): cpu = 00:00:00 ; elapsed = 00:00:00.012 . Memory (MB): peak = 1153.367 ; gain = 0.000
INFO: [Netlist 29-17] Analyzing 32 Unisim elements for replacement
INFO: [Netlist 29-28] Unisim Transformation completed in 0 CPU seconds
INFO: [Project 1-570] Preparing netlist for logic optimization
INFO: [Opt 31-138] Pushed 0 inverter(s) to 0 load pin(s).
Netlist sorting complete. Time (s): cpu = 00:00:00 ; elapsed = 00:00:00 . Memory (MB): peak = 1153.367 ; gain = 0.000
INFO: [Project 1-111] Unisim Transformation Summary:
No Unisim elements were transformed.

Synth Design complete, checksum: b872847b
INFO: [Common 17-83] Releasing license: Synthesis
38 Infos, 4 Warnings, 0 Critical Warnings and 0 Errors encountered.
synth_design completed successfully
synth_design: Time (s): cpu = 00:00:48 ; elapsed = 00:00:51 . Memory (MB): peak = 1153.367 ; gain = 31.223
INFO: [Common 17-1381] The checkpoint 'C:/Users/Min Song/pong/pong.runs/synth_1/pong.dcp' has been generated.
INFO: [runtcl-4] Executing : report_utilization -file pong_utilization_synth.rpt -pb pong_utilization_synth.pb
INFO: [Common 17-206] Exiting Vivado at Tue Nov 23 12:51:40 2021...
